<?xml version="1.0" encoding="UTF-8"?>
<testng-results ignored="1" total="2" passed="1" failed="0" skipped="0">
  <reporter-output>
    <line>
      <![CDATA[Test NG class Executed]]>
    </line>
  </reporter-output>
  <suite started-at="2023-12-16T10:03:08 IST" name="Default suite" finished-at="2023-12-16T10:03:15 IST" duration-ms="6654">
    <groups>
    </groups>
    <test started-at="2023-12-16T10:03:08 IST" name="Default test" finished-at="2023-12-16T10:03:15 IST" duration-ms="6654">
      <class name="testng.Demo1">
        <test-method signature="sample()[pri:0, instance:testng.Demo1@24fcf36f]" started-at="2023-12-16T10:03:08 IST" name="sample" finished-at="2023-12-16T10:03:15 IST" duration-ms="6555" status="PASS">
          <reporter-output>
            <line>
              <![CDATA[Test NG class Executed]]>
            </line>
          </reporter-output>
        </test-method> <!-- sample -->
      </class> <!-- testng.Demo1 -->
    </test> <!-- Default test -->
  </suite> <!-- Default suite -->
</testng-results>
